GowinSynthesis start
Running parser ...
Analyzing VHDL file 'C:\gowin_fpga\stepper_motor_controll_v1\src\top_level.vhd'
Analyzing entity 'top_level'("C:\gowin_fpga\stepper_motor_controll_v1\src\top_level.vhd":6)
Analyzing architecture 'rtl'("C:\gowin_fpga\stepper_motor_controll_v1\src\top_level.vhd":17)
Processing 'top_level(rtl)'("C:\gowin_fpga\stepper_motor_controll_v1\src\top_level.vhd":6)
NOTE  (EX0101) : Current top module is "top_level"
[5%] Running netlist conversion ...
Running device independent optimization ...
[10%] Optimizing Phase 0 completed
[15%] Optimizing Phase 1 completed
[25%] Optimizing Phase 2 completed
Running inference ...
[30%] Inferring Phase 0 completed
[40%] Inferring Phase 1 completed
[50%] Inferring Phase 2 completed
[55%] Inferring Phase 3 completed
Running technical mapping ...
[60%] Tech-Mapping Phase 0 completed
[65%] Tech-Mapping Phase 1 completed
[75%] Tech-Mapping Phase 2 completed
[80%] Tech-Mapping Phase 3 completed
[90%] Tech-Mapping Phase 4 completed
[95%] Generate netlist file "C:\gowin_fpga\stepper_motor_controll_v1\impl\gwsynthesis\stepper_motor_controll_v1.vg" completed
[100%] Generate report file "C:\gowin_fpga\stepper_motor_controll_v1\impl\gwsynthesis\stepper_motor_controll_v1_syn.rpt.html" completed
GowinSynthesis finish
